C51 COMPILER V9.60.7.0   DIGITAL_TUBE                                                      06/26/2023 12:59:44 PAGE 1   


C51 COMPILER V9.60.7.0, COMPILATION OF MODULE DIGITAL_TUBE
OBJECT MODULE PLACED IN .\Objects\digital_tube.obj
COMPILER INVOKED BY: E:\Keil_v5\C51\BIN\C51.EXE digital_tube.c OPTIMIZE(8,SPEED) BROWSE DEBUG OBJECTEXTEND PRINT(.\Listi
                    -ngs\digital_tube.lst) OBJECT(.\Objects\digital_tube.obj)

line level    source

   1          #include "digital_tube.h"
   2          
   3          u8 led[]={0x3f,0x06,0x5b,0x4f,0x66,0x6d,0x7d,0x07,0x7f,0x6f};//0-9
   4          
   5          void dt_dynamic_8CC(u8 location,u8 dat)
   6          {
   7   1          /*
   8   1          共阴
   9   1          138 Y0-Y7接8-1
  10   1          location:位选0-7
  11   1          dat:显示的数字0-9
  12   1          */
  13   1      
  14   1         if(dat>9)
  15   1                      return;
  16   1              DT_PORT=0x00;
  17   1              switch(location)
  18   1              {
  19   2                      case 7:
  20   2                              C=0;B=0;A=0;
  21   2                              break;
  22   2                      case 6:
  23   2                              C=0;B=0;A=1;
  24   2                              break;
  25   2                      case 5:
  26   2                              C=0;B=1;A=0;
  27   2                              break;
  28   2                      case 4:
  29   2                              C=0;B=1;A=1;
  30   2                              break;
  31   2                      case 3:
  32   2                              C=1;B=0;A=0;
  33   2                              break;
  34   2                      case 2:
  35   2                              C=1;B=0;A=1;
  36   2                              break;
  37   2                      case 1:
  38   2                              C=1;B=1;A=0;
  39   2                              break;
  40   2                      case 0:
  41   2                              C=1;B=1;A=1;
  42   2                              break;
  43   2                      default :return;
  44   2                              break;
  45   2              }
  46   1              DT_PORT=led[dat];
  47   1      }


MODULE INFORMATION:   STATIC OVERLAYABLE
   CODE SIZE        =    100    ----
   CONSTANT SIZE    =   ----    ----
   XDATA SIZE       =   ----    ----
   PDATA SIZE       =   ----    ----
C51 COMPILER V9.60.7.0   DIGITAL_TUBE                                                      06/26/2023 12:59:44 PAGE 2   

   DATA SIZE        =     10    ----
   IDATA SIZE       =   ----    ----
   BIT SIZE         =   ----    ----
END OF MODULE INFORMATION.


C51 COMPILATION COMPLETE.  0 WARNING(S),  0 ERROR(S)
