C51 COMPILER V9.60.7.0   LCD1602                                                           06/26/2023 12:59:44 PAGE 1   


C51 COMPILER V9.60.7.0, COMPILATION OF MODULE LCD1602
OBJECT MODULE PLACED IN .\Objects\lcd1602.obj
COMPILER INVOKED BY: E:\Keil_v5\C51\BIN\C51.EXE lcd1602.c OPTIMIZE(8,SPEED) BROWSE DEBUG OBJECTEXTEND PRINT(.\Listings\l
                    -cd1602.lst) OBJECT(.\Objects\lcd1602.obj)

line level    source

   1          #include "lcd1602.h"
   2          
   3          #define LCD1602_E P27//E=1:允许读写，E=0:禁止读写
   4          #define LCD1602_RW P25//RW=0:写，RW=1:读
   5          #define LCD1602_RS P26//RS=0:写指令，RS=1:写数据
   6          #define LCD1602_DATA_PORT P0//数据总线
   7          
   8          void lcd1602_write_cmd(u8 cmd)
   9          {
  10   1          /*
  11   1              写指令
  12   1          */
  13   1          LCD1602_E = 0;
  14   1          LCD1602_RS = 0;//写指令
  15   1          LCD1602_RW = 0;//写
  16   1          LCD1602_DATA_PORT = cmd;//加载命令
  17   1          delay_ms_11M(1);
  18   1          LCD1602_E = 1;//允许读写
  19   1          delay_ms_11M(1);
  20   1          LCD1602_E = 0;//读写结束
  21   1      }
  22          
  23          void lcd1602_write_data(u8 dat)
  24          {
  25   1          /*
  26   1              写数据
  27   1          */
  28   1          LCD1602_E = 0;
  29   1          LCD1602_RS = 1;//写数据
  30   1          LCD1602_RW = 0;//写
  31   1          LCD1602_DATA_PORT = dat;//加载数据
  32   1          delay_ms_11M(1);
  33   1          LCD1602_E = 1;//允许读写
  34   1          delay_ms_11M(1);
  35   1          LCD1602_E = 0;//读写结束
  36   1      }
  37          void lcd1602_init()
  38          {
  39   1          lcd1602_write_cmd(0x38);    // 数据总线8位，显示2行，5*7点阵字符
  40   1          lcd1602_write_cmd(0x0c);    // 显示开，光标关，光标不闪烁
  41   1          lcd1602_write_cmd(0x06);    // 每次写入后光标右移，显示屏不移动
  42   1          lcd1602_write_cmd(0x01);    // 清屏指令，光标归0，AC归0
  43   1      }
  44          
  45          u8 lcd1602_set_cursor(u8 x,u8 y)
  46          {
  47   1          /*
  48   1              设置光标位置
  49   1              x:列0-15
  50   1              y:行0-1
  51   1              设置失败返回0
  52   1          */
  53   1          if(y>1)
  54   1              return 0;
C51 COMPILER V9.60.7.0   LCD1602                                                           06/26/2023 12:59:44 PAGE 2   

  55   1          if(y==0)
  56   1          {
  57   2              if(x>31) return 0;
  58   2              if(x<16)
  59   2                  lcd1602_write_cmd(0x80+x);
  60   2              else
  61   2                  lcd1602_write_cmd(0xc0+x-16);
  62   2          }
  63   1          else
  64   1          {
  65   2              if(x>15) return 0;
  66   2              lcd1602_write_cmd(0xc0+x);
  67   2          }
  68   1          return 1;
  69   1      }
  70          
  71          void lcd1602_write_string(u8 x,u8 y,u8 *s)
  72          {
  73   1          /*
  74   1              写字符串
  75   1              x:列0-15
  76   1              y:行0-1
  77   1          */
  78   1          u8 i=0;
  79   1          if(lcd1602_set_cursor(x,y)==0)//设置光标位置
  80   1              return;
  81   1          while(*s!='\0')
  82   1          {
  83   2              lcd1602_write_data(*s);//逐个显示字符
  84   2              i++;
  85   2              s++;
  86   2              if(i==16-x)
  87   2              {
  88   3                  if(y==0)
  89   3                      lcd1602_write_cmd(0xc0);//换到第二行
  90   3                  else
  91   3                      return;
  92   3              }
  93   2          }
  94   1      }
  95          
  96          void lcd1602_write_char(u8 x,u8 y,u8 dat)
  97          {
  98   1          /*
  99   1              写字符
 100   1              x:列0-15
 101   1              y:行0-1
 102   1          */
 103   1          if(lcd1602_set_cursor(x,y)==0)
 104   1              return;
 105   1          lcd1602_write_data(dat);
 106   1      }
 107          
 108          void lcd1602_clear()
 109          {
 110   1          /*
 111   1              清屏
 112   1          */
 113   1          lcd1602_write_cmd(0x01);
 114   1      }
 115          
 116          u16 lcd1602_pow(u16 x,u16 y)
C51 COMPILER V9.60.7.0   LCD1602                                                           06/26/2023 12:59:44 PAGE 3   

 117          {
 118   1          /*
 119   1              计算x的y次方
 120   1          */
 121   1          u16 i=0,s=1;
 122   1          for(i=0;i<y;i++)
 123   1          {
 124   2              s*=x;
 125   2          }
 126   1          return s;
 127   1      }
 128          
 129          void lcd1602_write_int( u8 x, u8 y,int dat,u8 len)
 130          {
 131   1          /*
 132   1              写整数,可以是负数,最大值32767
 133   1              x:列0-15
 134   1              y:行0-1
 135   1              len:数字长度,最大5
 136   1           */
 137   1          u16 new_dat=0;
 138   1          u8 i=0;
 139   1          if(lcd1602_set_cursor(x,y)==0)//设置光标位置
 140   1              return;
 141   1          if(len>5) len=5;
 142   1          if(dat>=0)
 143   1          {
 144   2              new_dat=dat;
 145   2          }
 146   1          else
 147   1          {
 148   2              lcd1602_write_char(x,y,'-');//负数显示负号
 149   2              new_dat=-dat;
 150   2              x++;
 151   2          }
 152   1          for(i=len;i>0;i--)
 153   1          {
 154   2              if(len-i==16-x)
 155   2              {
 156   3                  if(y==0)
 157   3                      lcd1602_write_cmd(0xc0);//换到第二行
 158   3                  else
 159   3                      return;
 160   3              }
 161   2              lcd1602_write_data(new_dat/lcd1602_pow(10,i-1)%10+'0');//逐个显示数字
 162   2          }
 163   1      
 164   1      }
 165          
 166          void lcd1602_write_hex( u8 x, u8 y,u16 dat,u8 len)
 167          {
 168   1          /*写十六进制数
 169   1          len:数字长度,最大4
 170   1          */
 171   1         u8 i=0,dat1=0;
 172   1          if(lcd1602_set_cursor(x,y)==0)
 173   1              return;
 174   1          if(len>4) len=4;
 175   1          for(i=len;i>0;i--)
 176   1          {
 177   2              if(len-i==16-x)
 178   2              {
C51 COMPILER V9.60.7.0   LCD1602                                                           06/26/2023 12:59:44 PAGE 4   

 179   3                  if(y==0)
 180   3                      lcd1602_write_cmd(0xc0);
 181   3                  else
 182   3                      return;
 183   3              }
 184   2              dat1=dat/lcd1602_pow(16,i-1)%16;
 185   2              if(dat1<10)
 186   2                  lcd1602_write_data(dat1+'0');
 187   2              else
 188   2                  lcd1602_write_data(dat1-10+'A');
 189   2          }
 190   1      }


MODULE INFORMATION:   STATIC OVERLAYABLE
   CODE SIZE        =    518    ----
   CONSTANT SIZE    =   ----    ----
   XDATA SIZE       =   ----    ----
   PDATA SIZE       =   ----    ----
   DATA SIZE        =   ----      27
   IDATA SIZE       =   ----    ----
   BIT SIZE         =   ----    ----
END OF MODULE INFORMATION.


C51 COMPILATION COMPLETE.  0 WARNING(S),  0 ERROR(S)
