C51 COMPILER V9.60.7.0   MAIN                                                              06/26/2023 12:59:44 PAGE 1   


C51 COMPILER V9.60.7.0, COMPILATION OF MODULE MAIN
OBJECT MODULE PLACED IN .\Objects\main.obj
COMPILER INVOKED BY: E:\Keil_v5\C51\BIN\C51.EXE main.c OPTIMIZE(8,SPEED) BROWSE DEBUG OBJECTEXTEND PRINT(.\Listings\main
                    -.lst) OBJECT(.\Objects\main.obj)

line level    source

   1          #include "AWM.h"
   2          
   3          
   4          //全自动洗衣机
   5          //定时器1用于定时洗衣机的运行时间
   6          //初始为60s,增时按钮+15s,减时按钮-15s
   7          
   8          /*
   9              基本功能：
  10              1.lcd显示洗衣机的运行状态；通过串口向上位机显示洗衣机的运行状态
  11              2.按键控制洗衣机的运行
  12              3.标准模式电机转速快，轻柔模式电机转速慢
  13              4.电机运作时正转5s，反转5s，循环
  14              5.时间为0时，电机停止，蜂鸣器响
  15          
  16          */
  17          
  18          /*
  19              进阶功能：
  20              1.串口控制$mode=1; $mode=0; $start=0; $start=1; $add; $sub;
  21              2.红外控制
  22              3.水位监测：
  23              低水位时，若电z机正在运转则停止电机，开启抽水模式，抽水至信号正常，10
             -s后若仍为低水位，则停止抽水，报警
  24              高水位时，若电机正在运转则停止电机，开启放水模式，放水至信号正常，10s
             -后若仍为高水位，则停止放水，报警
  25              水位恢复后，返回至原有状态
  26          */
  27          
  28          /*
  29              控制方式：
  30              1.按键控制：独立按键 K1开始/暂停
  31                         矩阵按键 S1模式切换    S2增时       S3减时     S4控制模式切换
  32                                 S5低水位信号  S6高水位信号
  33              2.串口控制
  34              3.红外控制
  35          */
  36          
  37          /*
  38              自动控制模式：
  39              低水位信号：0表示低水位，按键模拟
  40              高水位信号：0表示高水位，按键模拟
  41              两个信号都为0时，表示水位正常，可以开始洗衣
  42              低水位时开启抽水模式，抽水至信号正常，10s后若仍为低水位，则停止抽水，
             -报警
  43              高水位时开启放水模式，放水至信号正常，10s后若仍为高水位，则停止放水，
             -报警
  44          
  45          */
  46          
  47          
  48          //主函数
  49          void main()
  50          {
C51 COMPILER V9.60.7.0   MAIN                                                              06/26/2023 12:59:44 PAGE 2   

  51   1              AWM_init();
  52   1          while(1)
  53   1          {
  54   2              stop_washing();
  55   2                      start_washing();
  56   2          }
  57   1      
  58   1      }
  59          
  60          
  61          
  62          
  63          
  64          
  65          
  66          
  67          
  68          
  69          
  70          
  71          
  72          
  73          


MODULE INFORMATION:   STATIC OVERLAYABLE
   CODE SIZE        =     11    ----
   CONSTANT SIZE    =   ----    ----
   XDATA SIZE       =   ----    ----
   PDATA SIZE       =   ----    ----
   DATA SIZE        =   ----    ----
   IDATA SIZE       =   ----    ----
   BIT SIZE         =   ----    ----
END OF MODULE INFORMATION.


C51 COMPILATION COMPLETE.  0 WARNING(S),  0 ERROR(S)
