C51 COMPILER V9.60.7.0   SERIAL                                                            06/26/2023 12:59:44 PAGE 1   


C51 COMPILER V9.60.7.0, COMPILATION OF MODULE SERIAL
OBJECT MODULE PLACED IN .\Objects\serial.obj
COMPILER INVOKED BY: E:\Keil_v5\C51\BIN\C51.EXE serial.c OPTIMIZE(8,SPEED) BROWSE DEBUG OBJECTEXTEND PRINT(.\Listings\se
                    -rial.lst) OBJECT(.\Objects\serial.obj)

line level    source

   1          #include "serial.h"
   2          
   3          void serial_init_9600(bit flag)//9600bps@11.0592MHz
   4          {
   5   1              /*
   6   1              串口初始化函数,flag=1,打开串口中断,即接收数据
   7   1              */
   8   1              if(flag==1)
   9   1              {
  10   2                      ES=1;                           //打开串口中断
  11   2                      EA=1;                           //打开总中断
  12   2              }
  13   1              SCON = 0x50;            //8位数据,可变波特率
  14   1              TMOD &= 0x0F;           //设置定时器模式
  15   1              TMOD |= 0x20;           //设置定时器模式
  16   1              TL1 = 0xFD;                     //设置定时初始值
  17   1              TH1 = 0xFD;                     //设置定时重载值
  18   1              ET1 = 0;                        //禁止定时器中断
  19   1              TR1 = 1;                        //定时器1开始计时
  20   1      }
  21          
  22          /*void serial_interrupt() interrupt 4
  23          {
  24                  if(RI==1)
  25                  {
  26                          RI=0;
  27                  }
  28          }*/
  29          void serial_send_char(u8 d)
  30          {
  31   1              /*
  32   1              发送一个字节,可以是字符
  33   1              */
  34   1              SBUF=d;
  35   1              while(TI==0);//等待发送完成
  36   1              TI=0;
  37   1      }
  38          
  39          void serial_send_string(u8* s)
  40          {
  41   1              /*
  42   1              发送一个字符串
  43   1              */
  44   1              while(*s!='\0')
  45   1              {
  46   2                      serial_send_char(*s);
  47   2                      s++;
  48   2              }
  49   1      }
  50          
  51          u16 serial_pow(u16 x,u16 y)
  52          {
  53   1              /*
  54   1              计算x的y次方
C51 COMPILER V9.60.7.0   SERIAL                                                            06/26/2023 12:59:44 PAGE 2   

  55   1          */
  56   1          u16 i=0,s=1;
  57   1          for(i=0;i<y;i++)
  58   1          {
  59   2              s*=x;
  60   2          }
  61   1          return s;
  62   1      }
  63          
  64          void serial_send_int(int dat,u8 len)
  65          {
  66   1              /*
  67   1              发送一个整数,可以是负数,最大值32767
  68   1              len:数字长度,最大5
  69   1              */
  70   1              u16 new_dat=0;
  71   1              u8 i;
  72   1              if(len>5) len=5;
  73   1              if(dat>=0)
  74   1          {
  75   2              new_dat=dat;
  76   2          }
  77   1          else
  78   1          {
  79   2              serial_send_char('-');//负数发送负号
  80   2              new_dat=-dat;
  81   2          }
  82   1      
  83   1              for(i=len;i>0;i--)
  84   1          {
  85   2              serial_send_char(new_dat/serial_pow(10,i-1)%10+'0');//逐个发送数字
  86   2          }
  87   1      
  88   1      }


MODULE INFORMATION:   STATIC OVERLAYABLE
   CODE SIZE        =    194    ----
   CONSTANT SIZE    =   ----    ----
   XDATA SIZE       =   ----    ----
   PDATA SIZE       =   ----    ----
   DATA SIZE        =   ----       7
   IDATA SIZE       =   ----    ----
   BIT SIZE         =   ----       1
END OF MODULE INFORMATION.


C51 COMPILATION COMPLETE.  0 WARNING(S),  0 ERROR(S)
