C51 COMPILER V9.60.7.0   STEPPER                                                           06/26/2023 12:59:44 PAGE 1   


C51 COMPILER V9.60.7.0, COMPILATION OF MODULE STEPPER
OBJECT MODULE PLACED IN .\Objects\stepper.obj
COMPILER INVOKED BY: E:\Keil_v5\C51\BIN\C51.EXE stepper.c OPTIMIZE(8,SPEED) BROWSE DEBUG OBJECTEXTEND PRINT(.\Listings\s
                    -tepper.lst) OBJECT(.\Objects\stepper.obj)

line level    source

   1          #include "stepper.h"
   2          
   3          u8 step[8]={0x09, 0x08, 0x0c, 0x04, 0x06, 0x02, 0x03, 0x01};//步进电机步进序列
   4          
   5          #define STEPPER_PORT P1//低四位
   6          
   7          void stepper_motor(u8 dir)
   8          {
   9   1          /*dir:转动方向，0表示顺时针，1表示逆时针*/
  10   1          static u8 i=0;
  11   1          STEPPER_PORT &= 0xf0;
  12   1          STEPPER_PORT |= step[i];
  13   1          if(dir==0)
  14   1              i++;
  15   1          else i--;
  16   1          if(i==8)
  17   1          {
  18   2              i=0;
  19   2          }
  20   1          else if(i==255)
  21   1          {
  22   2              i=7;
  23   2          }
  24   1      }


MODULE INFORMATION:   STATIC OVERLAYABLE
   CODE SIZE        =     38    ----
   CONSTANT SIZE    =   ----    ----
   XDATA SIZE       =   ----    ----
   PDATA SIZE       =   ----    ----
   DATA SIZE        =      9    ----
   IDATA SIZE       =   ----    ----
   BIT SIZE         =   ----    ----
END OF MODULE INFORMATION.


C51 COMPILATION COMPLETE.  0 WARNING(S),  0 ERROR(S)
